[0.052s] Invoking command in '/home/rkskwhdgh123/turtlebot3_ws/build/turtlebot3_fake_node': CMAKE_PREFIX_PATH=${CMAKE_PREFIX_PATH}:/home/rkskwhdgh123/robot_ws/install/test_para:/home/rkskwhdgh123/robot_ws/install/test_num:/home/rkskwhdgh123/robot_ws/install/ros2_aruco:/home/rkskwhdgh123/robot_ws/install/move_turtle_pkg:/home/rkskwhdgh123/robot_ws/install/m_pubsub:/home/rkskwhdgh123/robot_ws/install/imgtran:/opt/ros/foxy /usr/bin/cmake /home/rkskwhdgh123/turtlebot3_ws/src/turtlebot3_simulations/turtlebot3_fake_node -DAMENT_CMAKE_SYMLINK_INSTALL=1 -DCMAKE_INSTALL_PREFIX=/home/rkskwhdgh123/turtlebot3_ws/install/turtlebot3_fake_node
[0.156s] -- The C compiler identification is GNU 9.4.0
[0.236s] -- The CXX compiler identification is GNU 9.4.0
[0.237s] -- Check for working C compiler: /usr/bin/cc
[0.330s] -- Check for working C compiler: /usr/bin/cc -- works
[0.333s] -- Detecting C compiler ABI info
[0.436s] -- Detecting C compiler ABI info - done
[0.447s] -- Detecting C compile features
[0.448s] -- Detecting C compile features - done
[0.452s] -- Check for working CXX compiler: /usr/bin/c++
[0.565s] -- Check for working CXX compiler: /usr/bin/c++ -- works
[0.566s] -- Detecting CXX compiler ABI info
[0.696s] -- Detecting CXX compiler ABI info - done
[0.705s] -- Detecting CXX compile features
[0.706s] -- Detecting CXX compile features - done
[0.710s] -- Found ament_cmake: 0.9.11 (/opt/ros/foxy/share/ament_cmake/cmake)
[0.766s] -- Found PythonInterp: /usr/bin/python3 (found suitable version "3.8.10", minimum required is "3") 
[0.768s] -- Using PYTHON_EXECUTABLE: /usr/bin/python3
[1.043s] -- Override CMake install command with custom implementation using symlinks instead of copying resources
[1.105s] -- Found geometry_msgs: 2.0.5 (/opt/ros/foxy/share/geometry_msgs/cmake)
[1.170s] -- Using all available rosidl_typesupport_c: rosidl_typesupport_fastrtps_c;rosidl_typesupport_introspection_c
[1.183s] -- Found rosidl_adapter: 1.3.0 (/opt/ros/foxy/share/rosidl_adapter/cmake)
[1.296s] -- Found OpenSSL: /usr/lib/x86_64-linux-gnu/libcrypto.so (found version "1.1.1f")  
[1.337s] -- Found FastRTPS: /opt/ros/foxy/include  
[1.462s] -- Using all available rosidl_typesupport_cpp: rosidl_typesupport_fastrtps_cpp;rosidl_typesupport_introspection_cpp
[1.615s] -- Found nav_msgs: 2.0.5 (/opt/ros/foxy/share/nav_msgs/cmake)
[1.744s] -- Found rclcpp: 2.4.2 (/opt/ros/foxy/share/rclcpp/cmake)
[1.818s] -- Found rmw_implementation_cmake: 1.0.3 (/opt/ros/foxy/share/rmw_implementation_cmake/cmake)
[1.821s] -- Using RMW implementation 'rmw_fastrtps_cpp' as default
[1.822s] -- Looking for pthread.h
[1.940s] -- Looking for pthread.h - found
[1.940s] -- Performing Test CMAKE_HAVE_LIBC_PTHREAD
[2.058s] -- Performing Test CMAKE_HAVE_LIBC_PTHREAD - Failed
[2.060s] -- Looking for pthread_create in pthreads
[2.174s] -- Looking for pthread_create in pthreads - not found
[2.179s] -- Looking for pthread_create in pthread
[2.292s] -- Looking for pthread_create in pthread - found
[2.292s] -- Found Threads: TRUE  
[2.522s] -- Found sensor_msgs: 2.0.5 (/opt/ros/foxy/share/sensor_msgs/cmake)
[2.638s] -- Found tf2: 0.13.13 (/opt/ros/foxy/share/tf2/cmake)
[2.658s] -- Found tf2_msgs: 0.13.13 (/opt/ros/foxy/share/tf2_msgs/cmake)
[2.976s] -- Found turtlebot3_msgs: 2.2.1 (/opt/ros/foxy/share/turtlebot3_msgs/cmake)
[3.254s] -- Configuring done
[3.273s] -- Generating done
[3.276s] -- Build files have been written to: /home/rkskwhdgh123/turtlebot3_ws/build/turtlebot3_fake_node
[3.287s] Invoked command in '/home/rkskwhdgh123/turtlebot3_ws/build/turtlebot3_fake_node' returned '0': CMAKE_PREFIX_PATH=${CMAKE_PREFIX_PATH}:/home/rkskwhdgh123/robot_ws/install/test_para:/home/rkskwhdgh123/robot_ws/install/test_num:/home/rkskwhdgh123/robot_ws/install/ros2_aruco:/home/rkskwhdgh123/robot_ws/install/move_turtle_pkg:/home/rkskwhdgh123/robot_ws/install/m_pubsub:/home/rkskwhdgh123/robot_ws/install/imgtran:/opt/ros/foxy /usr/bin/cmake /home/rkskwhdgh123/turtlebot3_ws/src/turtlebot3_simulations/turtlebot3_fake_node -DAMENT_CMAKE_SYMLINK_INSTALL=1 -DCMAKE_INSTALL_PREFIX=/home/rkskwhdgh123/turtlebot3_ws/install/turtlebot3_fake_node
[3.294s] Invoking command in '/home/rkskwhdgh123/turtlebot3_ws/build/turtlebot3_fake_node': CMAKE_PREFIX_PATH=${CMAKE_PREFIX_PATH}:/home/rkskwhdgh123/robot_ws/install/test_para:/home/rkskwhdgh123/robot_ws/install/test_num:/home/rkskwhdgh123/robot_ws/install/ros2_aruco:/home/rkskwhdgh123/robot_ws/install/move_turtle_pkg:/home/rkskwhdgh123/robot_ws/install/m_pubsub:/home/rkskwhdgh123/robot_ws/install/imgtran:/opt/ros/foxy /usr/bin/cmake --build /home/rkskwhdgh123/turtlebot3_ws/build/turtlebot3_fake_node -- -j2 -l2
[3.378s] [35m[1mScanning dependencies of target turtlebot3_fake_node[0m
[3.650s] [ 50%] [32mBuilding CXX object CMakeFiles/turtlebot3_fake_node.dir/src/turtlebot3_fake_node.cpp.o[0m
[21.367s] [100%] [32m[1mLinking CXX executable turtlebot3_fake_node[0m
[22.175s] [100%] Built target turtlebot3_fake_node
[22.206s] Invoked command in '/home/rkskwhdgh123/turtlebot3_ws/build/turtlebot3_fake_node' returned '0': CMAKE_PREFIX_PATH=${CMAKE_PREFIX_PATH}:/home/rkskwhdgh123/robot_ws/install/test_para:/home/rkskwhdgh123/robot_ws/install/test_num:/home/rkskwhdgh123/robot_ws/install/ros2_aruco:/home/rkskwhdgh123/robot_ws/install/move_turtle_pkg:/home/rkskwhdgh123/robot_ws/install/m_pubsub:/home/rkskwhdgh123/robot_ws/install/imgtran:/opt/ros/foxy /usr/bin/cmake --build /home/rkskwhdgh123/turtlebot3_ws/build/turtlebot3_fake_node -- -j2 -l2
[22.442s] Invoking command in '/home/rkskwhdgh123/turtlebot3_ws/build/turtlebot3_fake_node': CMAKE_PREFIX_PATH=${CMAKE_PREFIX_PATH}:/home/rkskwhdgh123/robot_ws/install/test_para:/home/rkskwhdgh123/robot_ws/install/test_num:/home/rkskwhdgh123/robot_ws/install/ros2_aruco:/home/rkskwhdgh123/robot_ws/install/move_turtle_pkg:/home/rkskwhdgh123/robot_ws/install/m_pubsub:/home/rkskwhdgh123/robot_ws/install/imgtran:/opt/ros/foxy /usr/bin/cmake --install /home/rkskwhdgh123/turtlebot3_ws/build/turtlebot3_fake_node
[22.484s] -- Install configuration: ""
[22.485s] -- Execute custom install script
[22.486s] -- Symlinking: /home/rkskwhdgh123/turtlebot3_ws/install/turtlebot3_fake_node/lib/turtlebot3_fake_node/turtlebot3_fake_node
[22.513s] -- Symlinking: /home/rkskwhdgh123/turtlebot3_ws/install/turtlebot3_fake_node/share/turtlebot3_fake_node/launch/rviz2.launch.py
[22.540s] -- Symlinking: /home/rkskwhdgh123/turtlebot3_ws/install/turtlebot3_fake_node/share/turtlebot3_fake_node/launch/turtlebot3_fake_node.launch.py
[22.573s] -- Symlinking: /home/rkskwhdgh123/turtlebot3_ws/install/turtlebot3_fake_node/share/turtlebot3_fake_node/param/burger.yaml
[22.607s] -- Symlinking: /home/rkskwhdgh123/turtlebot3_ws/install/turtlebot3_fake_node/share/turtlebot3_fake_node/param/waffle.yaml
[22.627s] -- Symlinking: /home/rkskwhdgh123/turtlebot3_ws/install/turtlebot3_fake_node/share/turtlebot3_fake_node/param/waffle_pi.yaml
[22.653s] -- Symlinking: /home/rkskwhdgh123/turtlebot3_ws/install/turtlebot3_fake_node/share/turtlebot3_fake_node/rviz/model.rviz
[22.686s] -- Symlinking: /home/rkskwhdgh123/turtlebot3_ws/install/turtlebot3_fake_node/include//turtlebot3_fake_node/turtlebot3_fake_node.hpp
[22.718s] -- Symlinking: /home/rkskwhdgh123/turtlebot3_ws/install/turtlebot3_fake_node/share/ament_index/resource_index/package_run_dependencies/turtlebot3_fake_node
[22.747s] -- Symlinking: /home/rkskwhdgh123/turtlebot3_ws/install/turtlebot3_fake_node/share/ament_index/resource_index/parent_prefix_path/turtlebot3_fake_node
[22.773s] -- Symlinking: /home/rkskwhdgh123/turtlebot3_ws/install/turtlebot3_fake_node/share/turtlebot3_fake_node/environment/ament_prefix_path.sh
[22.807s] -- Symlinking: /home/rkskwhdgh123/turtlebot3_ws/install/turtlebot3_fake_node/share/turtlebot3_fake_node/environment/ament_prefix_path.dsv
[22.842s] -- Symlinking: /home/rkskwhdgh123/turtlebot3_ws/install/turtlebot3_fake_node/share/turtlebot3_fake_node/environment/path.sh
[22.879s] -- Symlinking: /home/rkskwhdgh123/turtlebot3_ws/install/turtlebot3_fake_node/share/turtlebot3_fake_node/environment/path.dsv
[22.899s] -- Symlinking: /home/rkskwhdgh123/turtlebot3_ws/install/turtlebot3_fake_node/share/turtlebot3_fake_node/local_setup.bash
[22.921s] -- Symlinking: /home/rkskwhdgh123/turtlebot3_ws/install/turtlebot3_fake_node/share/turtlebot3_fake_node/local_setup.sh
[22.953s] -- Symlinking: /home/rkskwhdgh123/turtlebot3_ws/install/turtlebot3_fake_node/share/turtlebot3_fake_node/local_setup.zsh
[22.983s] -- Symlinking: /home/rkskwhdgh123/turtlebot3_ws/install/turtlebot3_fake_node/share/turtlebot3_fake_node/local_setup.dsv
[23.015s] -- Symlinking: /home/rkskwhdgh123/turtlebot3_ws/install/turtlebot3_fake_node/share/turtlebot3_fake_node/package.dsv
[23.037s] -- Symlinking: /home/rkskwhdgh123/turtlebot3_ws/install/turtlebot3_fake_node/share/ament_index/resource_index/packages/turtlebot3_fake_node
[23.050s] -- Symlinking: /home/rkskwhdgh123/turtlebot3_ws/install/turtlebot3_fake_node/share/turtlebot3_fake_node/cmake/ament_cmake_export_include_directories-extras.cmake
[23.077s] -- Symlinking: /home/rkskwhdgh123/turtlebot3_ws/install/turtlebot3_fake_node/share/turtlebot3_fake_node/cmake/ament_cmake_export_dependencies-extras.cmake
[23.113s] -- Symlinking: /home/rkskwhdgh123/turtlebot3_ws/install/turtlebot3_fake_node/share/turtlebot3_fake_node/cmake/turtlebot3_fake_nodeConfig.cmake
[23.141s] -- Symlinking: /home/rkskwhdgh123/turtlebot3_ws/install/turtlebot3_fake_node/share/turtlebot3_fake_node/cmake/turtlebot3_fake_nodeConfig-version.cmake
[23.152s] -- Symlinking: /home/rkskwhdgh123/turtlebot3_ws/install/turtlebot3_fake_node/share/turtlebot3_fake_node/package.xml
[23.169s] Invoked command in '/home/rkskwhdgh123/turtlebot3_ws/build/turtlebot3_fake_node' returned '0': CMAKE_PREFIX_PATH=${CMAKE_PREFIX_PATH}:/home/rkskwhdgh123/robot_ws/install/test_para:/home/rkskwhdgh123/robot_ws/install/test_num:/home/rkskwhdgh123/robot_ws/install/ros2_aruco:/home/rkskwhdgh123/robot_ws/install/move_turtle_pkg:/home/rkskwhdgh123/robot_ws/install/m_pubsub:/home/rkskwhdgh123/robot_ws/install/imgtran:/opt/ros/foxy /usr/bin/cmake --install /home/rkskwhdgh123/turtlebot3_ws/build/turtlebot3_fake_node
