[0.022s] Invoking command in '/home/rkskwhdgh123/turtlebot3_ws/build/turtlebot3_simulations': AMENT_PREFIX_PATH=/home/rkskwhdgh123/turtlebot3_ws/install/turtlebot3_gazebo:/home/rkskwhdgh123/turtlebot3_ws/install/turtlebot3_fake_node:${AMENT_PREFIX_PATH} CMAKE_PREFIX_PATH=/home/rkskwhdgh123/turtlebot3_ws/install/turtlebot3_gazebo:/home/rkskwhdgh123/turtlebot3_ws/install/turtlebot3_fake_node:/home/rkskwhdgh123/robot_ws/install/test_interfaces:/home/rkskwhdgh123/robot_ws/install/ros2_aruco_interfaces:/home/rkskwhdgh123/robot_ws/install/class_test_interfaces:/home/rkskwhdgh123/robot_ws/install/test_para:/home/rkskwhdgh123/robot_ws/install/test_num:/home/rkskwhdgh123/robot_ws/install/ros2_aruco:/home/rkskwhdgh123/robot_ws/install/move_turtle_pkg:/home/rkskwhdgh123/robot_ws/install/m_pubsub:/home/rkskwhdgh123/robot_ws/install/imgtran:/opt/ros/foxy /usr/bin/cmake /home/rkskwhdgh123/turtlebot3_ws/src/turtlebot3_simulations/turtlebot3_simulations -DAMENT_CMAKE_SYMLINK_INSTALL=1 -DCMAKE_INSTALL_PREFIX=/home/rkskwhdgh123/turtlebot3_ws/install/turtlebot3_simulations
[0.092s] -- The C compiler identification is GNU 9.4.0
[0.168s] -- The CXX compiler identification is GNU 9.4.0
[0.174s] -- Check for working C compiler: /usr/bin/cc
[0.263s] -- Check for working C compiler: /usr/bin/cc -- works
[0.263s] -- Detecting C compiler ABI info
[0.349s] -- Detecting C compiler ABI info - done
[0.363s] -- Detecting C compile features
[0.364s] -- Detecting C compile features - done
[0.367s] -- Check for working CXX compiler: /usr/bin/c++
[0.472s] -- Check for working CXX compiler: /usr/bin/c++ -- works
[0.473s] -- Detecting CXX compiler ABI info
[0.578s] -- Detecting CXX compiler ABI info - done
[0.595s] -- Detecting CXX compile features
[0.596s] -- Detecting CXX compile features - done
[0.599s] -- Found ament_cmake: 0.9.11 (/opt/ros/foxy/share/ament_cmake/cmake)
[0.650s] -- Found PythonInterp: /usr/bin/python3 (found suitable version "3.8.10", minimum required is "3") 
[0.651s] -- Using PYTHON_EXECUTABLE: /usr/bin/python3
[0.892s] -- Override CMake install command with custom implementation using symlinks instead of copying resources
[1.020s] -- Configuring done
[1.021s] -- Generating done
[1.023s] -- Build files have been written to: /home/rkskwhdgh123/turtlebot3_ws/build/turtlebot3_simulations
[1.027s] Invoked command in '/home/rkskwhdgh123/turtlebot3_ws/build/turtlebot3_simulations' returned '0': AMENT_PREFIX_PATH=/home/rkskwhdgh123/turtlebot3_ws/install/turtlebot3_gazebo:/home/rkskwhdgh123/turtlebot3_ws/install/turtlebot3_fake_node:${AMENT_PREFIX_PATH} CMAKE_PREFIX_PATH=/home/rkskwhdgh123/turtlebot3_ws/install/turtlebot3_gazebo:/home/rkskwhdgh123/turtlebot3_ws/install/turtlebot3_fake_node:/home/rkskwhdgh123/robot_ws/install/test_interfaces:/home/rkskwhdgh123/robot_ws/install/ros2_aruco_interfaces:/home/rkskwhdgh123/robot_ws/install/class_test_interfaces:/home/rkskwhdgh123/robot_ws/install/test_para:/home/rkskwhdgh123/robot_ws/install/test_num:/home/rkskwhdgh123/robot_ws/install/ros2_aruco:/home/rkskwhdgh123/robot_ws/install/move_turtle_pkg:/home/rkskwhdgh123/robot_ws/install/m_pubsub:/home/rkskwhdgh123/robot_ws/install/imgtran:/opt/ros/foxy /usr/bin/cmake /home/rkskwhdgh123/turtlebot3_ws/src/turtlebot3_simulations/turtlebot3_simulations -DAMENT_CMAKE_SYMLINK_INSTALL=1 -DCMAKE_INSTALL_PREFIX=/home/rkskwhdgh123/turtlebot3_ws/install/turtlebot3_simulations
[1.032s] Invoking command in '/home/rkskwhdgh123/turtlebot3_ws/build/turtlebot3_simulations': AMENT_PREFIX_PATH=/home/rkskwhdgh123/turtlebot3_ws/install/turtlebot3_gazebo:/home/rkskwhdgh123/turtlebot3_ws/install/turtlebot3_fake_node:${AMENT_PREFIX_PATH} CMAKE_PREFIX_PATH=/home/rkskwhdgh123/turtlebot3_ws/install/turtlebot3_gazebo:/home/rkskwhdgh123/turtlebot3_ws/install/turtlebot3_fake_node:/home/rkskwhdgh123/robot_ws/install/test_interfaces:/home/rkskwhdgh123/robot_ws/install/ros2_aruco_interfaces:/home/rkskwhdgh123/robot_ws/install/class_test_interfaces:/home/rkskwhdgh123/robot_ws/install/test_para:/home/rkskwhdgh123/robot_ws/install/test_num:/home/rkskwhdgh123/robot_ws/install/ros2_aruco:/home/rkskwhdgh123/robot_ws/install/move_turtle_pkg:/home/rkskwhdgh123/robot_ws/install/m_pubsub:/home/rkskwhdgh123/robot_ws/install/imgtran:/opt/ros/foxy /usr/bin/cmake --build /home/rkskwhdgh123/turtlebot3_ws/build/turtlebot3_simulations -- -j2 -l2
[1.091s] Invoked command in '/home/rkskwhdgh123/turtlebot3_ws/build/turtlebot3_simulations' returned '0': AMENT_PREFIX_PATH=/home/rkskwhdgh123/turtlebot3_ws/install/turtlebot3_gazebo:/home/rkskwhdgh123/turtlebot3_ws/install/turtlebot3_fake_node:${AMENT_PREFIX_PATH} CMAKE_PREFIX_PATH=/home/rkskwhdgh123/turtlebot3_ws/install/turtlebot3_gazebo:/home/rkskwhdgh123/turtlebot3_ws/install/turtlebot3_fake_node:/home/rkskwhdgh123/robot_ws/install/test_interfaces:/home/rkskwhdgh123/robot_ws/install/ros2_aruco_interfaces:/home/rkskwhdgh123/robot_ws/install/class_test_interfaces:/home/rkskwhdgh123/robot_ws/install/test_para:/home/rkskwhdgh123/robot_ws/install/test_num:/home/rkskwhdgh123/robot_ws/install/ros2_aruco:/home/rkskwhdgh123/robot_ws/install/move_turtle_pkg:/home/rkskwhdgh123/robot_ws/install/m_pubsub:/home/rkskwhdgh123/robot_ws/install/imgtran:/opt/ros/foxy /usr/bin/cmake --build /home/rkskwhdgh123/turtlebot3_ws/build/turtlebot3_simulations -- -j2 -l2
[1.122s] Invoking command in '/home/rkskwhdgh123/turtlebot3_ws/build/turtlebot3_simulations': AMENT_PREFIX_PATH=/home/rkskwhdgh123/turtlebot3_ws/install/turtlebot3_gazebo:/home/rkskwhdgh123/turtlebot3_ws/install/turtlebot3_fake_node:${AMENT_PREFIX_PATH} CMAKE_PREFIX_PATH=/home/rkskwhdgh123/turtlebot3_ws/install/turtlebot3_gazebo:/home/rkskwhdgh123/turtlebot3_ws/install/turtlebot3_fake_node:/home/rkskwhdgh123/robot_ws/install/test_interfaces:/home/rkskwhdgh123/robot_ws/install/ros2_aruco_interfaces:/home/rkskwhdgh123/robot_ws/install/class_test_interfaces:/home/rkskwhdgh123/robot_ws/install/test_para:/home/rkskwhdgh123/robot_ws/install/test_num:/home/rkskwhdgh123/robot_ws/install/ros2_aruco:/home/rkskwhdgh123/robot_ws/install/move_turtle_pkg:/home/rkskwhdgh123/robot_ws/install/m_pubsub:/home/rkskwhdgh123/robot_ws/install/imgtran:/opt/ros/foxy /usr/bin/cmake --install /home/rkskwhdgh123/turtlebot3_ws/build/turtlebot3_simulations
[1.134s] -- Install configuration: ""
[1.135s] -- Execute custom install script
[1.135s] -- Symlinking: /home/rkskwhdgh123/turtlebot3_ws/install/turtlebot3_simulations/share/ament_index/resource_index/package_run_dependencies/turtlebot3_simulations
[1.149s] -- Symlinking: /home/rkskwhdgh123/turtlebot3_ws/install/turtlebot3_simulations/share/ament_index/resource_index/parent_prefix_path/turtlebot3_simulations
[1.161s] -- Symlinking: /home/rkskwhdgh123/turtlebot3_ws/install/turtlebot3_simulations/share/turtlebot3_simulations/environment/ament_prefix_path.sh
[1.173s] -- Symlinking: /home/rkskwhdgh123/turtlebot3_ws/install/turtlebot3_simulations/share/turtlebot3_simulations/environment/ament_prefix_path.dsv
[1.184s] -- Symlinking: /home/rkskwhdgh123/turtlebot3_ws/install/turtlebot3_simulations/share/turtlebot3_simulations/environment/path.sh
[1.194s] -- Symlinking: /home/rkskwhdgh123/turtlebot3_ws/install/turtlebot3_simulations/share/turtlebot3_simulations/environment/path.dsv
[1.206s] -- Symlinking: /home/rkskwhdgh123/turtlebot3_ws/install/turtlebot3_simulations/share/turtlebot3_simulations/local_setup.bash
[1.215s] -- Symlinking: /home/rkskwhdgh123/turtlebot3_ws/install/turtlebot3_simulations/share/turtlebot3_simulations/local_setup.sh
[1.226s] -- Symlinking: /home/rkskwhdgh123/turtlebot3_ws/install/turtlebot3_simulations/share/turtlebot3_simulations/local_setup.zsh
[1.237s] -- Symlinking: /home/rkskwhdgh123/turtlebot3_ws/install/turtlebot3_simulations/share/turtlebot3_simulations/local_setup.dsv
[1.250s] -- Symlinking: /home/rkskwhdgh123/turtlebot3_ws/install/turtlebot3_simulations/share/turtlebot3_simulations/package.dsv
[1.262s] -- Symlinking: /home/rkskwhdgh123/turtlebot3_ws/install/turtlebot3_simulations/share/ament_index/resource_index/packages/turtlebot3_simulations
[1.273s] -- Symlinking: /home/rkskwhdgh123/turtlebot3_ws/install/turtlebot3_simulations/share/turtlebot3_simulations/cmake/turtlebot3_simulationsConfig.cmake
[1.284s] -- Symlinking: /home/rkskwhdgh123/turtlebot3_ws/install/turtlebot3_simulations/share/turtlebot3_simulations/cmake/turtlebot3_simulationsConfig-version.cmake
[1.294s] -- Symlinking: /home/rkskwhdgh123/turtlebot3_ws/install/turtlebot3_simulations/share/turtlebot3_simulations/package.xml
[1.312s] Invoked command in '/home/rkskwhdgh123/turtlebot3_ws/build/turtlebot3_simulations' returned '0': AMENT_PREFIX_PATH=/home/rkskwhdgh123/turtlebot3_ws/install/turtlebot3_gazebo:/home/rkskwhdgh123/turtlebot3_ws/install/turtlebot3_fake_node:${AMENT_PREFIX_PATH} CMAKE_PREFIX_PATH=/home/rkskwhdgh123/turtlebot3_ws/install/turtlebot3_gazebo:/home/rkskwhdgh123/turtlebot3_ws/install/turtlebot3_fake_node:/home/rkskwhdgh123/robot_ws/install/test_interfaces:/home/rkskwhdgh123/robot_ws/install/ros2_aruco_interfaces:/home/rkskwhdgh123/robot_ws/install/class_test_interfaces:/home/rkskwhdgh123/robot_ws/install/test_para:/home/rkskwhdgh123/robot_ws/install/test_num:/home/rkskwhdgh123/robot_ws/install/ros2_aruco:/home/rkskwhdgh123/robot_ws/install/move_turtle_pkg:/home/rkskwhdgh123/robot_ws/install/m_pubsub:/home/rkskwhdgh123/robot_ws/install/imgtran:/opt/ros/foxy /usr/bin/cmake --install /home/rkskwhdgh123/turtlebot3_ws/build/turtlebot3_simulations
